-
 Autoblog
 -
  Treehugger
  -
   -
    Search Engine Roundtable
    Joi Ito's Web
   -
    Daily Kos
    -
     -
      we make money not art
      Pharyngula
     -
      Creating Passionate Users
      -
       -
        -
         -
          Gothamist
          -
           Engadget
           Bloglines | News
         -
          -
           Kotaku
           -
            Crooks and Liars
            -
             Slashdot
             -
              SpikedHumor
              -
               NewsBusters.org - Exposing Liberal Media Bias
               -
                Michelle Malkin
                TechEBlog
          -
           Instapundit.com
           -
            -
             -
              Google Blogoscoped
              -
               CoolerHeads Prevail
               Bloggers Blog: Blogging the Blogsphere
             -
              -
               Mashable!
               -
                Captain's Quarters
                -
                 Power Line
                 -
                  Download Squad
                  Joel on Software
              -
               -
                Official Google Blog
                TechCrunch
               -
                Oilman
                -
                 Boing Boing
                 -
                  -
                   Talking Points Memo: by Joshua Micah Marshall
                   ScienceBlogs : Combined Feed
                  -
                   A Consuming Experience (full feed)
                   -
                    GigaOM
                    -
                     -
                      Think Progress
                      -
                       -
                        Micro Persuasion
                        The Huffington Post | Raw Feed
                       -
                        -
                         Schneier on Security
                         -
                          Topix.net Weblog
                          Seth's Blog
                        -
                         -
                          Gizmodo
                          Shoemoney - Skills to pay the bills
                         -
                          -
                           Andrew Sullivan | The Daily Dish
                           Signum sine tinnitu--by Guy Kawasaki
                          -
                           Google Operating System
                           -
                            PerezHilton.com
                            -
                             Eschaton
                             -
                              Cool Hunting
                              -
                               Matt Cutts: Gadgets, Google, and SEO
                               -
                                43 Folders
                                -
                                 Joystiq
                                 -
                                  WWdN: In Exile
                                  -
                                   The Blotter
                                   -
                                    Copyblogger
                                    -
                                     Valleywag
                                     plasticbag.org
                     -
                      lifehack.org
                      -
                       Gawker
                       -
                        gapingvoid: "cartoons drawn on the back of business cards"
                        -
                         MetaFilter
                         -
                          Signal vs. Noise
                          -
                           Go Fug Yourself
                           -
                            BuzzMachine
                            -
                             Publishing 2.0
                             -
                              Read/WriteWeb
                              -
                               Wonkette
                               O'Reilly Radar
            -
             Neil Gaiman's Journal
             -
              -
               Dave Shea's mezzoblue
               -
                Joho the Blog
                Wired News: Top Stories
              -
               Little Green Footballs
               The Unofficial Apple Weblog (TUAW)
        -
         Search Engine Watch Blog
         -
          -
           Derek Powazek
           -
            flagrantdisregard
            -
             -
              MAKE Magazine
              -
               SimpleBits
               -
                -
                 kottke.org
                 -
                  -
                   Online Marketing Report
                   TMZ.com
                  -
                   Techdirt
                   Scobleizer - Tech Geek Blogger
                -
                 Lifehacker
                 -
                  456 Berea Street
                  -
                   Blog Maverick
                   -
                    John Battelle's Searchblog
                    Deadspin
             -
              Sifry's Alerts
              ongoing
          -
           ProBlogger Blog Tips
           -
            Jeremy Zawodny's blog
            -
             Hot Air
             Steve Pavlina's Personal Development Blog
       -
        PaulStamatiou.com
        -
         The Viral Garden
         Quick Online Tips
